2023-08-02 11:19:38,015  INFO StockViewerApplication:48 - Starting StockViewerApplication on MacBook-Pro-2.local with PID 12315 (/Users/yangchenggang/Desktop/207yanshi/git-demo/nsf-sample-boot/nsf-demo-stock-viewer/target/classes started by yangchenggang in /Users/yangchenggang/Desktop/207yanshi/git-demo/nsf-sample-boot)
2023-08-02 11:19:38,017  INFO StockViewerApplication:593 - No active profile set, falling back to default profiles: default
2023-08-02 11:19:38,779  INFO AnnotationConfigEmbeddedWebApplicationContext:583 - Refreshing org.springframework.boot.context.embedded.AnnotationConfigEmbeddedWebApplicationContext@1a3869f4: startup date [Wed Aug 02 11:19:38 CST 2023]; root of context hierarchy
2023-08-02 11:19:39,007  INFO Version:30 - HV000001: Hibernate Validator 5.3.5.Final
2023-08-02 11:19:41,413  INFO TomcatEmbeddedServletContainer:89 - Tomcat initialized with port(s): 8080 (http)
2023-08-02 11:19:41,601  INFO ContextLoader:276 - Root WebApplicationContext: initialization completed in 2822 ms
2023-08-02 11:19:41,944  INFO ServletRegistrationBean:190 - Mapping servlet: 'dispatcherServlet' to [/]
2023-08-02 11:19:41,961  INFO FilterRegistrationBean:258 - Mapping filter: 'characterEncodingFilter' to: [/*]
2023-08-02 11:19:41,962  INFO FilterRegistrationBean:258 - Mapping filter: 'hiddenHttpMethodFilter' to: [/*]
2023-08-02 11:19:41,962  INFO FilterRegistrationBean:258 - Mapping filter: 'httpPutFormContentFilter' to: [/*]
2023-08-02 11:19:41,963  INFO FilterRegistrationBean:258 - Mapping filter: 'requestContextFilter' to: [/*]
2023-08-02 11:19:42,974  INFO RequestMappingHandlerAdapter:534 - Looking for @ControllerAdvice: org.springframework.boot.context.embedded.AnnotationConfigEmbeddedWebApplicationContext@1a3869f4: startup date [Wed Aug 02 11:19:38 CST 2023]; root of context hierarchy
2023-08-02 11:19:43,058  INFO RequestMappingHandlerMapping:543 - Mapped "{[/hc_test/post],methods=[GET]}" onto public java.lang.Object com.netease.cloud.nsf.demo.stock.viewer.web.controller.HttpClientController.post()
2023-08-02 11:19:43,062  INFO RequestMappingHandlerMapping:543 - Mapped "{[/health],methods=[GET]}" onto public java.lang.String com.netease.cloud.nsf.demo.stock.viewer.web.controller.PanelController.health()
2023-08-02 11:19:43,062  INFO RequestMappingHandlerMapping:543 - Mapped "{[ || /index],methods=[GET]}" onto public java.lang.String com.netease.cloud.nsf.demo.stock.viewer.web.controller.PanelController.indexPage()
2023-08-02 11:19:43,064  INFO RequestMappingHandlerMapping:543 - Mapped "{[/stocks],methods=[GET],produces=[application/json]}" onto public com.netease.cloud.nsf.demo.stock.viewer.web.entity.HttpResponse com.netease.cloud.nsf.demo.stock.viewer.web.controller.PanelController.getStockList(int)
2023-08-02 11:19:43,066  INFO RequestMappingHandlerMapping:543 - Mapped "{[/advices/hot],methods=[GET],produces=[application/json]}" onto public com.netease.cloud.nsf.demo.stock.viewer.web.entity.HttpResponse com.netease.cloud.nsf.demo.stock.viewer.web.controller.PanelController.getHotAdvice()
2023-08-02 11:19:43,066  INFO RequestMappingHandlerMapping:543 - Mapped "{[/stocks/{stockId}],methods=[GET]}" onto public com.netease.cloud.nsf.demo.stock.viewer.web.entity.Stock com.netease.cloud.nsf.demo.stock.viewer.web.controller.PanelController.getStockById(java.lang.String)
2023-08-02 11:19:43,066  INFO RequestMappingHandlerMapping:543 - Mapped "{[/logs],methods=[GET]}" onto public com.netease.cloud.nsf.demo.stock.viewer.web.entity.HttpResponse com.netease.cloud.nsf.demo.stock.viewer.web.controller.PanelController.getHttpLog()
2023-08-02 11:19:43,066  INFO RequestMappingHandlerMapping:543 - Mapped "{[/logs/clear],methods=[GET]}" onto public com.netease.cloud.nsf.demo.stock.viewer.web.entity.HttpResponse com.netease.cloud.nsf.demo.stock.viewer.web.controller.PanelController.clearLogs()
2023-08-02 11:19:43,066  INFO RequestMappingHandlerMapping:543 - Mapped "{[/echo/advisor],methods=[GET]}" onto public com.netease.cloud.nsf.demo.stock.viewer.web.entity.HttpResponse com.netease.cloud.nsf.demo.stock.viewer.web.controller.PanelController.echoAdvisor(javax.servlet.http.HttpServletRequest)
2023-08-02 11:19:43,067  INFO RequestMappingHandlerMapping:543 - Mapped "{[/echo/provider],methods=[GET]}" onto public com.netease.cloud.nsf.demo.stock.viewer.web.entity.HttpResponse com.netease.cloud.nsf.demo.stock.viewer.web.controller.PanelController.echoProvider(javax.servlet.http.HttpServletRequest)
2023-08-02 11:19:43,067  INFO RequestMappingHandlerMapping:543 - Mapped "{[/mysql],methods=[GET]}" onto public com.netease.cloud.nsf.demo.stock.viewer.web.entity.HttpResponse com.netease.cloud.nsf.demo.stock.viewer.web.controller.PanelController.getMiddlewareMysql(javax.servlet.http.HttpServletRequest)
2023-08-02 11:19:43,069  INFO RequestMappingHandlerMapping:543 - Mapped "{[/redis],methods=[GET]}" onto public com.netease.cloud.nsf.demo.stock.viewer.web.entity.HttpResponse com.netease.cloud.nsf.demo.stock.viewer.web.controller.PanelController.getMiddlewareRedis(javax.servlet.http.HttpServletRequest)
2023-08-02 11:19:43,069  INFO RequestMappingHandlerMapping:543 - Mapped "{[/deepInvoke]}" onto public java.lang.String com.netease.cloud.nsf.demo.stock.viewer.web.controller.PanelController.deepInvoke(int)
2023-08-02 11:19:43,070  INFO RequestMappingHandlerMapping:543 - Mapped "{[/number],methods=[GET]}" onto public int com.netease.cloud.nsf.demo.stock.viewer.web.controller.RandomController.getNumber()
2023-08-02 11:19:43,071  INFO RequestMappingHandlerMapping:543 - Mapped "{[/string],methods=[GET]}" onto public java.lang.String com.netease.cloud.nsf.demo.stock.viewer.web.controller.RandomController.getString()
2023-08-02 11:19:43,076  INFO RequestMappingHandlerMapping:543 - Mapped "{[/error],produces=[text/html]}" onto public org.springframework.web.servlet.ModelAndView org.springframework.boot.autoconfigure.web.BasicErrorController.errorHtml(javax.servlet.http.HttpServletRequest,javax.servlet.http.HttpServletResponse)
2023-08-02 11:19:43,076  INFO RequestMappingHandlerMapping:543 - Mapped "{[/error]}" onto public org.springframework.http.ResponseEntity<java.util.Map<java.lang.String, java.lang.Object>> org.springframework.boot.autoconfigure.web.BasicErrorController.error(javax.servlet.http.HttpServletRequest)
2023-08-02 11:19:43,121  INFO SimpleUrlHandlerMapping:362 - Mapped URL path [/webjars/**] onto handler of type [class org.springframework.web.servlet.resource.ResourceHttpRequestHandler]
2023-08-02 11:19:43,121  INFO SimpleUrlHandlerMapping:362 - Mapped URL path [/**] onto handler of type [class org.springframework.web.servlet.resource.ResourceHttpRequestHandler]
2023-08-02 11:19:43,180  INFO SimpleUrlHandlerMapping:362 - Mapped URL path [/**/favicon.ico] onto handler of type [class org.springframework.web.servlet.resource.ResourceHttpRequestHandler]
2023-08-02 11:19:43,936  INFO AnnotationMBeanExporter:431 - Registering beans for JMX exposure on startup
2023-08-02 11:19:44,195  INFO TomcatEmbeddedServletContainer:201 - Tomcat started on port(s): 8080 (http)
2023-08-02 11:19:44,239  INFO StockViewerApplication:57 - Started StockViewerApplication in 6.596 seconds (JVM running for 7.182)
2023-08-02 11:19:48,439  INFO AnnotationConfigEmbeddedWebApplicationContext:984 - Closing org.springframework.boot.context.embedded.AnnotationConfigEmbeddedWebApplicationContext@1a3869f4: startup date [Wed Aug 02 11:19:38 CST 2023]; root of context hierarchy
2023-08-02 11:19:48,445  INFO AnnotationMBeanExporter:449 - Unregistering JMX-exposed beans on shutdown
